<?xml version="1.0" encoding="UTF-8"?>
<testng-results skipped="0" failed="0" ignored="0" total="1" passed="1">
  <reporter-output>
  </reporter-output>
  <suite name="Default suite" duration-ms="31866" started-at="2022-01-18T06:10:16Z" finished-at="2022-01-18T06:10:48Z">
    <groups>
    </groups>
    <test name="Default test" duration-ms="31866" started-at="2022-01-18T06:10:16Z" finished-at="2022-01-18T06:10:48Z">
      <class name="teacheraction.zymanager9_zycz">
        <test-method status="PASS" signature="setUp()[pri:0, instance:teacheraction.zymanager9_zycz@305fd85d]" name="setUp" is-config="true" duration-ms="3353" started-at="2022-01-18T06:10:16Z" finished-at="2022-01-18T06:10:19Z">
          <reporter-output>
          </reporter-output>
        </test-method> <!-- setUp -->
        <test-method status="PASS" signature="ketizuManager()[pri:0, instance:teacheraction.zymanager9_zycz@305fd85d]" name="ketizuManager" duration-ms="27403" started-at="2022-01-18T06:10:19Z" finished-at="2022-01-18T06:10:46Z">
          <reporter-output>
          </reporter-output>
        </test-method> <!-- ketizuManager -->
        <test-method status="PASS" signature="tearDown()[pri:0, instance:teacheraction.zymanager9_zycz@305fd85d]" name="tearDown" is-config="true" duration-ms="1089" started-at="2022-01-18T06:10:46Z" finished-at="2022-01-18T06:10:48Z">
          <reporter-output>
          </reporter-output>
        </test-method> <!-- tearDown -->
      </class> <!-- teacheraction.zymanager9_zycz -->
    </test> <!-- Default test -->
  </suite> <!-- Default suite -->
</testng-results>
