<?xml version="1.0" encoding="UTF-8"?>
<testng-results skipped="0" failed="0" ignored="0" total="1" passed="1">
  <reporter-output>
  </reporter-output>
  <suite name="Default suite" duration-ms="72538" started-at="2022-01-21T06:40:37Z" finished-at="2022-01-21T06:41:50Z">
    <groups>
    </groups>
    <test name="Default test" duration-ms="72538" started-at="2022-01-21T06:40:37Z" finished-at="2022-01-21T06:41:50Z">
      <class name="teacheraction.teachcenter.teachCenter6_wordxx">
        <test-method status="PASS" signature="setUp()[pri:0, instance:teacheraction.teachcenter.teachCenter6_wordxx@305fd85d]" name="setUp" is-config="true" duration-ms="3372" started-at="2022-01-21T06:40:37Z" finished-at="2022-01-21T06:40:41Z">
          <reporter-output>
          </reporter-output>
        </test-method> <!-- setUp -->
        <test-method status="PASS" signature="jx_wordxx()[pri:0, instance:teacheraction.teachcenter.teachCenter6_wordxx@305fd85d]" name="jx_wordxx" duration-ms="68231" started-at="2022-01-21T06:40:41Z" finished-at="2022-01-21T06:41:49Z">
          <reporter-output>
          </reporter-output>
        </test-method> <!-- jx_wordxx -->
        <test-method status="PASS" signature="tearDown()[pri:0, instance:teacheraction.teachcenter.teachCenter6_wordxx@305fd85d]" name="tearDown" is-config="true" duration-ms="908" started-at="2022-01-21T06:41:49Z" finished-at="2022-01-21T06:41:50Z">
          <reporter-output>
          </reporter-output>
        </test-method> <!-- tearDown -->
      </class> <!-- teacheraction.teachcenter.teachCenter6_wordxx -->
    </test> <!-- Default test -->
  </suite> <!-- Default suite -->
</testng-results>
